<?xml version="1.0" encoding="UTF-8"?>
<Site BuildName="(empty)"
	BuildStamp="20250209-0501-Experimental"
	Name="karthibs-Lenovo-Legion-5-15IMH05"
	Generator="ctest-3.22.1"
	CompilerName="/usr/bin/g++"
	CompilerVersion="11.4.0"
	OSName="Linux"
	Hostname="karthibs-Lenovo-Legion-5-15IMH05"
	OSRelease="6.8.0-49-generic"
	OSVersion="#49~22.04.1-Ubuntu SMP PREEMPT_DYNAMIC Wed Nov  6 17:42:15 UTC 2"
	OSPlatform="x86_64"
	Is64Bits="1"
	VendorString="GenuineIntel"
	VendorID="Intel Corporation"
	FamilyID="6"
	ModelID="165"
	ProcessorCacheSize="8192"
	NumberOfLogicalCPU="8"
	NumberOfPhysicalCPU="4"
	TotalVirtualMemory="0"
	TotalPhysicalMemory="15860"
	LogicalProcessorsPerPhysical="2"
	ProcessorClockFrequency="4198.61"
	>
	<Testing>
		<StartDateTime>Feb 09 10:31 IST</StartDateTime>
		<StartTestTime>1739077275</StartTestTime>
		<TestList/>
		<EndDateTime>Feb 09 10:31 IST</EndDateTime>
		<EndTestTime>1739077275</EndTestTime>
		<ElapsedMinutes>0</ElapsedMinutes>
	</Testing>
</Site>
